<?xml version="1.0" encoding="UTF-8"?>
<project xmlns="http://maven.apache.org/POM/4.0.0" xmlns:xsi="http://www.w3.org/2001/XMLSchema-instance"
         xsi:schemaLocation="http://maven.apache.org/POM/4.0.0 http://maven.apache.org/xsd/maven-4.0.0.xsd">
    <modelVersion>4.0.0</modelVersion>
    <parent>
        <groupId>org.entando</groupId>
        <artifactId>entando-core-parent</artifactId>
        <version>6.3.14</version>
    </parent>
    <artifactId>entando-plugin-jpredis</artifactId>
    <groupId>org.entando.entando.plugins</groupId>
    <version>6.3.0-SNAPSHOT</version>
    <packaging>war</packaging>
    <name>Entando Plugin: Redis Connector</name>
    <description>Enables the use of Redis as system library</description>
    <developers>
        <developer>
            <id>username</id>
            <name>User Name</name>
            <email>user-name@example.com</email>
        </developer>
    </developers>
    <url>http://www.entando.com/</url>
    <repositories>
        <repository>
            <id>nexus-jx</id>
            <url>https://nexus-jx.apps.serv.run/repository/maven-releases/</url>
            <releases>
                <enabled>true</enabled>
            </releases>
            <snapshots>
                <enabled>false</enabled>
            </snapshots>
        </repository>
    </repositories>
    <properties>
        <checkstyle.skip>true</checkstyle.skip>
    </properties>
    <build>
        <resources>
            <resource>
                <directory>src/main/resources</directory>
                <excludes>
                    <exclude>src/main/resources/component</exclude>
                </excludes>
            </resource>
            <resource>
                <directory>src/main/resources</directory>
                <includes>
                    <include>**/*component.xml</include>
                </includes>
                <filtering>true</filtering>
            </resource>
            <resource>
                <directory>src/main/java</directory>
                <includes>
                    <include>**/*.properties</include>
                    <include>**/*.xml</include>
                    <include>**/*.xsd</include>
                    <include>**/*.txt</include>
                </includes>
            </resource>
            <resource>
                <directory>src/test/java</directory>
                <includes>
                    <include>**/*.sql</include>
                    <include>**/*.json</include>
                </includes>
            </resource>
            <resource>
                <directory>src/main/tld</directory>
                <targetPath>META-INF</targetPath>
                <includes>
                    <include>**/*.tld</include>
                </includes>
            </resource>

        </resources>
        <plugins>
            <plugin>
                <groupId>org.apache.maven.plugins</groupId>
                <artifactId>maven-war-plugin</artifactId>
            </plugin>
            <plugin>
                <groupId>org.apache.maven.plugins</groupId>
                <artifactId>maven-assembly-plugin</artifactId>
            </plugin>
            <plugin>
                <groupId>org.apache.maven.plugins</groupId>
                <artifactId>maven-deploy-plugin</artifactId>
            </plugin>
            <plugin>
                <groupId>org.apache.maven.plugins</groupId>
                <artifactId>maven-surefire-plugin</artifactId>
                <configuration>
                    <environmentVariables>
                        <REDIS_ADDRESS>redis://localhost:6380</REDIS_ADDRESS>
                        <REDIS_ACTIVE>true</REDIS_ACTIVE>
                    </environmentVariables>
                </configuration>
            </plugin>
        </plugins>
    </build>

    <dependencyManagement>
        <dependencies>
            <dependency>
                <groupId>org.entando</groupId>
                <artifactId>entando-core-bom</artifactId>
                <version>6.2.255</version>
                <scope>import</scope>
                <type>pom</type>
            </dependency>
        </dependencies>
    </dependencyManagement>

    <dependencies>
        
        <dependency>
            <groupId>org.entando.entando</groupId>
            <artifactId>entando-engine</artifactId>
            <type>jar</type>
        </dependency>
        
        <dependency>
            <groupId>org.springframework.data</groupId>
            <artifactId>spring-data-redis</artifactId>
            <version>2.1.9.RELEASE</version>
        </dependency>
        <dependency>
            <groupId>io.lettuce</groupId>
            <artifactId>lettuce-core</artifactId>
            <version>6.1.1.RELEASE</version>
        </dependency>
        
        <dependency>
            <groupId>org.springframework</groupId>
            <artifactId>spring-web</artifactId>
            <type>jar</type>
        </dependency>
        
        <dependency>
            <groupId>com.fasterxml.jackson.core</groupId>
            <artifactId>jackson-annotations</artifactId>
            <type>jar</type>
        </dependency>
        <dependency>
            <groupId>com.fasterxml.jackson.core</groupId>
            <artifactId>jackson-databind</artifactId>
            <type>jar</type>
        </dependency>
        
        <dependency>
            <groupId>javax.servlet</groupId>
            <artifactId>javax.servlet-api</artifactId>
        </dependency>
        <dependency>
            <groupId>javax.servlet.jsp</groupId>
            <artifactId>jsp-api</artifactId>
        </dependency>

        <!--Test dependencies -->
        
        <dependency>
            <groupId>org.entando.entando</groupId>
            <artifactId>entando-engine</artifactId>
            <type>test-jar</type>
        </dependency>
        <dependency>
            <groupId>org.entando.entando</groupId>
            <artifactId>entando-admin-console</artifactId>
            <type>test-jar</type>
        </dependency>
        <dependency>
            <groupId>org.springframework</groupId>
            <artifactId>spring-test</artifactId>
        </dependency>
        <dependency>
            <groupId>org.junit.jupiter</groupId>
            <artifactId>junit-jupiter</artifactId>
        </dependency>
        <dependency>
            <groupId>org.junit.jupiter</groupId>
            <artifactId>junit-jupiter-api</artifactId>
        </dependency>
        <dependency>
            <groupId>org.mockito</groupId>
            <artifactId>mockito-junit-jupiter</artifactId>
        </dependency>
        <dependency>
            <groupId>org.assertj</groupId>
            <artifactId>assertj-core</artifactId>
        </dependency>
        <dependency>
            <groupId>org.hamcrest</groupId>
            <artifactId>hamcrest-all</artifactId>
        </dependency>
        <dependency>
            <groupId>com.jayway.jsonpath</groupId>
            <artifactId>json-path-assert</artifactId>
        </dependency>
        <dependency>
            <groupId>org.apache.derby</groupId>
            <artifactId>derbyclient</artifactId>
        </dependency>
        <dependency>
            <groupId>org.apache.derby</groupId>
            <artifactId>derby</artifactId>
        </dependency>
        
    </dependencies>

</project>
